2017-12-27	23:21:51	INFO	org.javacs.Main connectToNode	Connecting to 55282
2017-12-27	23:21:51	INFO	org.javacs.Main connectToNode	Connected to parent using socket on port 55282
2017-12-27	23:21:52	INFO	org.javacs.Main run	Socket closed
2017-12-27	23:21:52	INFO	org.eclipse.lsp4j.jsonrpc.services.GenericEndpoint notify	Unsupported notification method: $/setTraceNotification
2017-12-27	23:21:52	INFO	org.javacs.JavaTextDocumentService doLint	Lint file:///home/chaitu/eclipse-workspace/pmoportal/src/com/syntel/controller/ContractController.java
2017-12-27	23:21:54	INFO	org.javacs.JavaLanguageServer createCompiler	Inferred configuration: 
2017-12-27	23:21:54	INFO	org.javacs.JavaLanguageServer createCompiler		sourcePath:/home/chaitu/eclipse-workspace/pmoportal/src
2017-12-27	23:21:54	INFO	org.javacs.JavaLanguageServer createCompiler		classPath:
2017-12-27	23:21:54	INFO	org.javacs.JavaLanguageServer createCompiler		workspaceClassPath:
2017-12-27	23:21:54	INFO	org.javacs.JavaLanguageServer createCompiler		docPath:
2017-12-27	23:21:54	INFO	org.javacs.JavacHolder createLogDelegate	Forwarding javac log to /tmp/javac1403937502981843565.log
2017-12-27	23:21:59	INFO	org.javacs.JavaTextDocumentService lambda$publishDiagnostics$6	Ignored 14 errors from not-open file:/home/chaitu/eclipse-workspace/pmoportal/src/com/syntel/utility/UpdateDropdown.java
2017-12-27	23:21:59	INFO	org.javacs.JavaTextDocumentService lambda$publishDiagnostics$6	Ignored 2 errors from not-open file:/home/chaitu/eclipse-workspace/pmoportal/src/com/syntel/utility/UpdateUser.java
2017-12-27	23:21:59	INFO	org.javacs.JavaTextDocumentService lambda$publishDiagnostics$6	Ignored 2 errors from not-open file:/home/chaitu/eclipse-workspace/pmoportal/src/com/syntel/utility/UpdateContract.java
2017-12-27	23:21:59	INFO	org.javacs.JavaTextDocumentService lambda$publishDiagnostics$6	Published 8 errors from file:///home/chaitu/eclipse-workspace/pmoportal/src/com/syntel/controller/ContractController.java
2017-12-27	23:21:59	INFO	org.javacs.JavaTextDocumentService lambda$publishDiagnostics$6	Ignored 2 errors from not-open file:/home/chaitu/eclipse-workspace/pmoportal/src/com/syntel/utility/AP1UtilityAndDatabase.java
2017-12-27	23:23:40	INFO	org.javacs.JavaTextDocumentService doLint	Lint file:///home/chaitu/eclipse-workspace/pmoportal/src/com/syntel/utility/UdateTableInDB.java
2017-12-27	23:23:40	INFO	org.javacs.JavaTextDocumentService lambda$publishDiagnostics$6	Published 1 errors from file:///home/chaitu/eclipse-workspace/pmoportal/src/com/syntel/utility/UdateTableInDB.java
2017-12-27	23:23:40	INFO	org.javacs.JavaTextDocumentService lambda$publishDiagnostics$6	Ignored 2 errors from not-open file:/home/chaitu/eclipse-workspace/pmoportal/src/com/syntel/utility/AP1UtilityAndDatabase.java
2017-12-27	23:23:40	INFO	org.javacs.JavaTextDocumentService codeAction	codeAction at file:///home/chaitu/eclipse-workspace/pmoportal/src/com/syntel/utility/UdateTableInDB.java 59:26
2017-12-27	23:23:41	INFO	org.javacs.JavacHolder lambda$compileFocused$2	PARSE	78 ms	CredentialsForLoginDTO.java, UdateTableInDB.java, TableOperation.java, PopulateDirectorDto.java, AP1UtilityAndDatabase.java
2017-12-27	23:23:41	INFO	org.javacs.JavacHolder lambda$compileFocused$2	ENTER	61 ms	CredentialsForLoginDTO.java, UdateTableInDB.java, TableOperation.java, PopulateDirectorDto.java, AP1UtilityAndDatabase.java
2017-12-27	23:23:41	INFO	org.javacs.JavacHolder lambda$compileFocused$2	ANALYZE	0 ms	CredentialsForLoginDTO.java, UdateTableInDB.java, TableOperation.java, PopulateDirectorDto.java, AP1UtilityAndDatabase.java
2017-12-27	23:23:41	INFO	org.javacs.JavaTextDocumentService codeAction	codeAction at file:///home/chaitu/eclipse-workspace/pmoportal/src/com/syntel/utility/UdateTableInDB.java 59:26
2017-12-27	23:23:41	INFO	org.javacs.JavacHolder lambda$compileFocused$2	PARSE	30 ms	CredentialsForLoginDTO.java, UdateTableInDB.java, TableOperation.java, PopulateDirectorDto.java, AP1UtilityAndDatabase.java
2017-12-27	23:23:41	INFO	org.javacs.JavacHolder lambda$compileFocused$2	ENTER	61 ms	CredentialsForLoginDTO.java, UdateTableInDB.java, TableOperation.java, PopulateDirectorDto.java, AP1UtilityAndDatabase.java
2017-12-27	23:23:41	INFO	org.javacs.JavacHolder lambda$compileFocused$2	ANALYZE	0 ms	CredentialsForLoginDTO.java, UdateTableInDB.java, TableOperation.java, PopulateDirectorDto.java, AP1UtilityAndDatabase.java
2017-12-27	23:24:03	INFO	org.javacs.JavaTextDocumentService hover	hover at file:///home/chaitu/eclipse-workspace/pmoportal/src/com/syntel/utility/UdateTableInDB.java 11:25
2017-12-27	23:24:03	INFO	org.javacs.JavacHolder lambda$compileFocused$2	PARSE	28 ms	CredentialsForLoginDTO.java, UdateTableInDB.java, TableOperation.java, PopulateDirectorDto.java, AP1UtilityAndDatabase.java
2017-12-27	23:24:03	INFO	org.javacs.JavacHolder lambda$compileFocused$2	ENTER	29 ms	CredentialsForLoginDTO.java, UdateTableInDB.java, TableOperation.java, PopulateDirectorDto.java, AP1UtilityAndDatabase.java
2017-12-27	23:24:03	INFO	org.javacs.JavacHolder lambda$compileFocused$2	ANALYZE	0 ms	CredentialsForLoginDTO.java, UdateTableInDB.java, TableOperation.java, PopulateDirectorDto.java, AP1UtilityAndDatabase.java
2017-12-27	23:24:03	WARNING	org.javacs.Javadocs doIndex	No source file for com.google.gson.Gson
2017-12-27	23:24:06	INFO	org.javacs.JavaTextDocumentService hover	hover at file:///home/chaitu/eclipse-workspace/pmoportal/src/com/syntel/utility/UdateTableInDB.java 11:25
2017-12-27	23:24:06	INFO	org.javacs.JavacHolder lambda$compileFocused$2	PARSE	14 ms	CredentialsForLoginDTO.java, UdateTableInDB.java, TableOperation.java, PopulateDirectorDto.java, AP1UtilityAndDatabase.java
2017-12-27	23:24:06	INFO	org.javacs.JavacHolder lambda$compileFocused$2	ENTER	60 ms	CredentialsForLoginDTO.java, UdateTableInDB.java, TableOperation.java, PopulateDirectorDto.java, AP1UtilityAndDatabase.java
2017-12-27	23:24:06	INFO	org.javacs.JavacHolder lambda$compileFocused$2	ANALYZE	0 ms	CredentialsForLoginDTO.java, UdateTableInDB.java, TableOperation.java, PopulateDirectorDto.java, AP1UtilityAndDatabase.java
2017-12-27	23:24:06	WARNING	org.javacs.Javadocs doIndex	No source file for com.google.gson.Gson
