2017-12-04	20:32:42	INFO	org.javacs.Main connectToNode	Connecting to 55282
2017-12-04	20:32:43	INFO	org.javacs.Main connectToNode	Connected to parent using socket on port 55282
2017-12-04	20:32:44	INFO	org.javacs.Main run	Socket closed
2017-12-04	20:32:45	INFO	org.eclipse.lsp4j.jsonrpc.services.GenericEndpoint notify	Unsupported notification method: $/setTraceNotification
2017-12-04	20:32:45	INFO	org.javacs.JavaTextDocumentService doLint	Lint file:///home/chaitu/Documents/a4app/src/app/components/user/Sample.java
2017-12-04	20:32:47	WARNING	org.javacs.SymbolIndex lambda$sourcePath$1	Java source file file:///home/chaitu/Documents/a4app/src/app/components/user/Sample.java is not in 
2017-12-04	20:32:48	INFO	org.javacs.JavaLanguageServer createCompiler	Inferred configuration: 
2017-12-04	20:32:48	INFO	org.javacs.JavaLanguageServer createCompiler		sourcePath:
2017-12-04	20:32:48	INFO	org.javacs.JavaLanguageServer createCompiler		classPath:
2017-12-04	20:32:48	INFO	org.javacs.JavaLanguageServer createCompiler		workspaceClassPath:
2017-12-04	20:32:48	INFO	org.javacs.JavaLanguageServer createCompiler		docPath:
2017-12-04	20:32:48	INFO	org.javacs.JavacHolder createLogDelegate	Forwarding javac log to /tmp/javac7440543435811266206.log
2017-12-04	20:32:50	INFO	org.javacs.JavaTextDocumentService lambda$publishDiagnostics$6	Published 0 errors from file:///home/chaitu/Documents/a4app/src/app/components/user/Sample.java
2017-12-04	20:33:11	INFO	org.javacs.JavaTextDocumentService completion	completion at file:///home/chaitu/Documents/a4app/src/app/components/user/Sample.java 6:6
2017-12-04	20:33:11	INFO	org.javacs.JavacHolder lambda$compileFocused$2	PARSE	25 ms	Sample.java
2017-12-04	20:33:11	INFO	org.javacs.JavacHolder lambda$compileFocused$2	ENTER	5 ms	Sample.java
2017-12-04	20:33:11	INFO	org.javacs.JavacHolder lambda$compileFocused$2	ANALYZE	0 ms	Sample.java
2017-12-04	20:33:13	INFO	org.javacs.JavaTextDocumentService completion	Found 50 items (incomplete) in 2351 ms
2017-12-04	20:33:13	INFO	org.javacs.JavaTextDocumentService codeAction	codeAction at file:///home/chaitu/Documents/a4app/src/app/components/user/Sample.java 6:5
2017-12-04	20:33:13	INFO	org.javacs.JavacHolder lambda$compileFocused$2	PARSE	0 ms	Sample.java
2017-12-04	20:33:13	INFO	org.javacs.JavacHolder lambda$compileFocused$2	ENTER	13 ms	Sample.java
2017-12-04	20:33:13	INFO	org.javacs.JavacHolder lambda$compileFocused$2	ANALYZE	0 ms	Sample.java
2017-12-04	20:33:13	INFO	org.javacs.JavaTextDocumentService codeAction	codeAction at file:///home/chaitu/Documents/a4app/src/app/components/user/Sample.java 6:5
2017-12-04	20:33:13	INFO	org.javacs.JavacHolder lambda$compileFocused$2	PARSE	1 ms	Sample.java
2017-12-04	20:33:13	INFO	org.javacs.JavacHolder lambda$compileFocused$2	ENTER	2 ms	Sample.java
2017-12-04	20:33:13	INFO	org.javacs.JavacHolder lambda$compileFocused$2	ANALYZE	0 ms	Sample.java
2017-12-04	20:33:13	INFO	org.javacs.JavaTextDocumentService codeAction	codeAction at file:///home/chaitu/Documents/a4app/src/app/components/user/Sample.java 6:5
2017-12-04	20:33:13	INFO	org.javacs.JavacHolder lambda$compileFocused$2	PARSE	1 ms	Sample.java
2017-12-04	20:33:13	INFO	org.javacs.JavacHolder lambda$compileFocused$2	ENTER	3 ms	Sample.java
2017-12-04	20:33:13	INFO	org.javacs.JavacHolder lambda$compileFocused$2	ANALYZE	0 ms	Sample.java
2017-12-04	20:33:13	INFO	org.javacs.JavaTextDocumentService completion	completion at file:///home/chaitu/Documents/a4app/src/app/components/user/Sample.java 6:7
2017-12-04	20:33:13	INFO	org.javacs.JavacHolder lambda$compileFocused$2	PARSE	0 ms	Sample.java
2017-12-04	20:33:13	INFO	org.javacs.JavacHolder lambda$compileFocused$2	ENTER	3 ms	Sample.java
2017-12-04	20:33:13	INFO	org.javacs.JavacHolder lambda$compileFocused$2	ANALYZE	0 ms	Sample.java
2017-12-04	20:33:14	INFO	org.javacs.JavaTextDocumentService completion	Found 50 items (incomplete) in 328 ms
2017-12-04	20:33:20	WARNING	org.javacs.JavaTextDocumentService didChange	Ignored change with version 14 <= 14
2017-12-04	20:33:20	INFO	org.javacs.JavaTextDocumentService doLint	Lint file:///home/chaitu/Documents/a4app/src/app/components/user/Sample.java
2017-12-04	20:33:20	INFO	org.javacs.JavaTextDocumentService lambda$publishDiagnostics$6	Published 0 errors from file:///home/chaitu/Documents/a4app/src/app/components/user/Sample.java
2017-12-04	20:33:21	INFO	org.javacs.JavaTextDocumentService doLint	Lint file:///home/chaitu/Documents/a4app/src/app/components/user/Sample.java
2017-12-04	20:33:21	INFO	org.javacs.JavaTextDocumentService lambda$publishDiagnostics$6	Published 0 errors from file:///home/chaitu/Documents/a4app/src/app/components/user/Sample.java
2017-12-04	20:33:23	INFO	org.javacs.JavaTextDocumentService hover	hover at file:///home/chaitu/Documents/a4app/src/app/components/user/Sample.java 1:2
2017-12-04	20:33:23	INFO	org.javacs.JavacHolder lambda$compileFocused$2	PARSE	1 ms	Sample.java
2017-12-04	20:33:23	INFO	org.javacs.JavacHolder lambda$compileFocused$2	ENTER	3 ms	Sample.java
2017-12-04	20:33:23	INFO	org.javacs.JavacHolder lambda$compileFocused$2	ANALYZE	3 ms	Sample.java
2017-12-04	20:34:28	INFO	org.javacs.JavaTextDocumentService doLint	Lint 
