2017-12-18	23:42:33	INFO	org.javacs.Main connectToNode	Connecting to 55282
2017-12-18	23:42:33	INFO	org.javacs.Main connectToNode	Connected to parent using socket on port 55282
2017-12-18	23:42:33	INFO	org.javacs.Main run	Socket closed
2017-12-18	23:42:34	INFO	org.eclipse.lsp4j.jsonrpc.services.GenericEndpoint notify	Unsupported notification method: $/setTraceNotification
2017-12-18	23:42:34	INFO	org.javacs.JavaTextDocumentService doLint	Lint file:///home/chaitu/eclipse-workspace/Spring/src/main/java/com/temp/Spring/LambdaDemo.java
2017-12-18	23:42:34	WARNING	org.eclipse.lsp4j.jsonrpc.RemoteEndpoint handleNotification	Notification threw an exception: {
  "jsonrpc": "2.0",
  "method": "textDocument/didOpen",
  "params": {
    "textDocument": {
      "uri": "file:///home/chaitu/eclipse-workspace/Spring/src/main/java/com/temp/Spring/LambdaDemo.java",
      "languageId": "java",
      "version": 1,
      "text": "package com.temp.Spring;\n\n// Demonstrate a simple lambda expression.\n// A functional interface.\n@FunctionalInterface\ninterface MyNumber {\n    double getValue();\n}\n\n@FunctionalInterface\ninterface AddNo {\n    int add(int a, int b);\n}\n\nclass LambdaDemo {\n    public static void main(String args[]) {\n        Lambda l \u003d new Lambda();\n        l.lambda();\n        System.out.println(\"MAIN class ----------- \"+Lambda.a.add(10,20));\n    }\n}\n\nclass Lambda {\n    static MyNumber myNum; // declare an interface reference\n    static AddNo a;\n\n    void lambda() {\n\n\t\tmyNum \u003d () -\u003e 123.45;\n        System.out.println(\"A fixed value: \" + myNum.getValue());\n        myNum \u003d () -\u003e Math.random() * 100;\n        System.out.println(\"A random value: \" + myNum.getValue());\n        System.out.println(\"Another random value: \" + myNum.getValue());\n        int a1 \u003d 1;\n        int b1 \u003d 2;\n        a \u003d (c, d) -\u003e {\n            return c + d;\n        };\n        System.out.println(a.add(a1, b1));\n    }\n}"
    }
  }
}
java.lang.RuntimeException: java.lang.reflect.InvocationTargetException
	at org.eclipse.lsp4j.jsonrpc.services.GenericEndpoint.lambda$null$0(GenericEndpoint.java:53)
	at org.eclipse.lsp4j.jsonrpc.services.GenericEndpoint.notify(GenericEndpoint.java:126)
	at org.eclipse.lsp4j.jsonrpc.RemoteEndpoint.handleNotification(RemoteEndpoint.java:165)
	at org.eclipse.lsp4j.jsonrpc.RemoteEndpoint.consume(RemoteEndpoint.java:136)
	at org.eclipse.lsp4j.jsonrpc.json.StreamMessageProducer.handleMessage(StreamMessageProducer.java:149)
	at org.eclipse.lsp4j.jsonrpc.json.StreamMessageProducer.listen(StreamMessageProducer.java:77)
	at org.eclipse.lsp4j.jsonrpc.json.ConcurrentMessageProcessor.run(ConcurrentMessageProcessor.java:84)
	at java.util.concurrent.Executors$RunnableAdapter.call(Executors.java:511)
	at java.util.concurrent.FutureTask.run(FutureTask.java:266)
	at java.util.concurrent.ThreadPoolExecutor.runWorker(ThreadPoolExecutor.java:1149)
	at java.util.concurrent.ThreadPoolExecutor$Worker.run(ThreadPoolExecutor.java:624)
	at java.lang.Thread.run(Thread.java:748)
Caused by: java.lang.reflect.InvocationTargetException
	at sun.reflect.NativeMethodAccessorImpl.invoke0(Native Method)
	at sun.reflect.NativeMethodAccessorImpl.invoke(NativeMethodAccessorImpl.java:62)
	at sun.reflect.DelegatingMethodAccessorImpl.invoke(DelegatingMethodAccessorImpl.java:43)
	at java.lang.reflect.Method.invoke(Method.java:498)
	at org.eclipse.lsp4j.jsonrpc.services.GenericEndpoint.lambda$null$0(GenericEndpoint.java:51)
	... 11 more
Caused by: java.lang.RuntimeException: java.io.IOException: Cannot run program "mvn" (in directory "/home/chaitu/eclipse-workspace/Spring"): error=2, No such file or directory
	at org.javacs.InferConfig.dependencyList(InferConfig.java:297)
	at org.javacs.InferConfig.allExternalDependencies(InferConfig.java:325)
	at org.javacs.InferConfig.buildClassPath(InferConfig.java:94)
	at org.javacs.JavaLanguageServer.createCompiler(JavaLanguageServer.java:91)
	at org.javacs.JavaLanguageServer.configured(JavaLanguageServer.java:60)
	at org.javacs.JavaTextDocumentService.doLint(JavaTextDocumentService.java:53)
	at org.javacs.JavaTextDocumentService.didOpen(JavaTextDocumentService.java:317)
	... 16 more
Caused by: java.io.IOException: Cannot run program "mvn" (in directory "/home/chaitu/eclipse-workspace/Spring"): error=2, No such file or directory
	at java.lang.ProcessBuilder.start(ProcessBuilder.java:1048)
	at java.lang.Runtime.exec(Runtime.java:620)
	at java.lang.Runtime.exec(Runtime.java:450)
	at org.javacs.InferConfig.dependencyList(InferConfig.java:291)
	... 22 more
Caused by: java.io.IOException: error=2, No such file or directory
	at java.lang.UNIXProcess.forkAndExec(Native Method)
	at java.lang.UNIXProcess.<init>(UNIXProcess.java:247)
	at java.lang.ProcessImpl.start(ProcessImpl.java:134)
	at java.lang.ProcessBuilder.start(ProcessBuilder.java:1029)
	... 25 more

