[2017-12-18 23:42:29.859] [exthost1] [info] extension host started
[2017-12-18 23:42:29.875] [exthost1] [info] ExtensionService#_doActivateExtension vscode.emmet {"startup":true,"activationEvent":"*"}
[2017-12-18 23:42:29.875] [exthost1] [info] ExtensionService#loadCommonJSModule /opt/visual-studio-code/resources/app/extensions/emmet/out/extension
[2017-12-18 23:42:29.929] [exthost1] [info] ExtensionService#_doActivateExtension vscode.git {"startup":true,"activationEvent":"*"}
[2017-12-18 23:42:29.929] [exthost1] [info] ExtensionService#loadCommonJSModule /opt/visual-studio-code/resources/app/extensions/git/out/main
[2017-12-18 23:42:29.991] [exthost1] [info] ExtensionService#_doActivateExtension vscode.merge-conflict {"startup":true,"activationEvent":"*"}
[2017-12-18 23:42:29.991] [exthost1] [info] ExtensionService#loadCommonJSModule /opt/visual-studio-code/resources/app/extensions/merge-conflict/out/extension
[2017-12-18 23:42:30.010] [exthost1] [info] ExtensionService#_doActivateExtension HookyQR.beautify {"startup":true,"activationEvent":"*"}
[2017-12-18 23:42:30.010] [exthost1] [info] ExtensionService#loadCommonJSModule /home/chaitu/.vscode/extensions/HookyQR.beautify-1.1.1/extension
[2017-12-18 23:42:30.082] [exthost1] [info] ExtensionService#_doActivateExtension Zignd.html-css-class-completion {"startup":true,"activationEvent":"*"}
[2017-12-18 23:42:30.082] [exthost1] [info] ExtensionService#loadCommonJSModule /home/chaitu/.vscode/extensions/Zignd.html-css-class-completion-1.14.0/out/src/extension
[2017-12-18 23:42:30.373] [exthost1] [info] ExtensionService#_doActivateExtension dbaeumer.vscode-eslint {"startup":true,"activationEvent":"*"}
[2017-12-18 23:42:30.373] [exthost1] [info] ExtensionService#loadCommonJSModule /home/chaitu/.vscode/extensions/dbaeumer.vscode-eslint-1.4.3/client/out/extension
[2017-12-18 23:42:30.424] [exthost1] [info] ExtensionService#_doActivateExtension eamodio.gitlens {"startup":true,"activationEvent":"*"}
[2017-12-18 23:42:30.424] [exthost1] [info] ExtensionService#loadCommonJSModule /home/chaitu/.vscode/extensions/eamodio.gitlens-6.4.0/out/src/extension
[2017-12-18 23:42:30.784] [exthost1] [info] ExtensionService#_doActivateExtension formulahendry.auto-close-tag {"startup":true,"activationEvent":"*"}
[2017-12-18 23:42:30.784] [exthost1] [info] ExtensionService#loadCommonJSModule /home/chaitu/.vscode/extensions/formulahendry.auto-close-tag-0.5.5/out/src/extension
[2017-12-18 23:42:30.786] [exthost1] [info] ExtensionService#_doActivateExtension robertohuertasm.vscode-icons {"startup":true,"activationEvent":"*"}
[2017-12-18 23:42:30.786] [exthost1] [info] ExtensionService#loadCommonJSModule /home/chaitu/.vscode/extensions/robertohuertasm.vscode-icons-7.19.0/out/src/
[2017-12-18 23:42:30.848] [exthost1] [info] ExtensionService#_doActivateExtension redhat.java {"startup":true,"activationEvent":"workspaceContains:pom.xml"}
[2017-12-18 23:42:30.848] [exthost1] [info] ExtensionService#loadCommonJSModule /home/chaitu/.vscode/extensions/redhat.java-0.16.0/out/src/extension
[2017-12-18 23:42:30.912] [exthost1] [info] eager extensions activated
[2017-12-18 23:42:30.915] [exthost1] [info] ExtensionService#_doActivateExtension vscode.configuration-editing {"startup":false,"activationEvent":"onLanguage:jsonc"}
[2017-12-18 23:42:30.915] [exthost1] [info] ExtensionService#loadCommonJSModule /opt/visual-studio-code/resources/app/extensions/configuration-editing/out/extension
[2017-12-18 23:42:30.930] [exthost1] [info] ExtensionService#_doActivateExtension vscode.json {"startup":false,"activationEvent":"onLanguage:jsonc"}
[2017-12-18 23:42:30.930] [exthost1] [info] ExtensionService#loadCommonJSModule /opt/visual-studio-code/resources/app/extensions/json/client/out/jsonMain
[2017-12-18 23:42:32.381] [exthost1] [info] ExtensionService#_doActivateExtension georgewfraser.vscode-javac {"startup":false,"activationEvent":"onLanguage:java"}
[2017-12-18 23:42:32.381] [exthost1] [info] ExtensionService#loadCommonJSModule /home/chaitu/.vscode/extensions/georgewfraser.vscode-javac-0.0.47/out/lib/Main
[2017-12-18 23:42:38.742] [exthost1] [info] ExtensionService#_doActivateExtension vscjava.vscode-java-debug {"startup":false,"activationEvent":"onLanguage:java"}
[2017-12-18 23:42:38.742] [exthost1] [info] ExtensionService#loadCommonJSModule /home/chaitu/.vscode/extensions/vscjava.vscode-java-debug-0.4.0/out/src/extension
