[2017-12-23 01:48:45.753] [exthost1] [info] extension host started
[2017-12-23 01:48:45.770] [exthost1] [info] ExtensionService#_doActivateExtension vscode.emmet {"startup":true,"activationEvent":"*"}
[2017-12-23 01:48:45.770] [exthost1] [info] ExtensionService#loadCommonJSModule /opt/visual-studio-code/resources/app/extensions/emmet/out/extension
[2017-12-23 01:48:45.826] [exthost1] [info] ExtensionService#_doActivateExtension vscode.git {"startup":true,"activationEvent":"*"}
[2017-12-23 01:48:45.826] [exthost1] [info] ExtensionService#loadCommonJSModule /opt/visual-studio-code/resources/app/extensions/git/out/main
[2017-12-23 01:48:45.885] [exthost1] [info] ExtensionService#_doActivateExtension vscode.merge-conflict {"startup":true,"activationEvent":"*"}
[2017-12-23 01:48:45.885] [exthost1] [info] ExtensionService#loadCommonJSModule /opt/visual-studio-code/resources/app/extensions/merge-conflict/out/extension
[2017-12-23 01:48:45.895] [exthost1] [info] ExtensionService#_doActivateExtension HookyQR.beautify {"startup":true,"activationEvent":"*"}
[2017-12-23 01:48:45.895] [exthost1] [info] ExtensionService#loadCommonJSModule /home/chaitu/.vscode/extensions/HookyQR.beautify-1.1.1/extension
[2017-12-23 01:48:45.961] [exthost1] [info] ExtensionService#_doActivateExtension Zignd.html-css-class-completion {"startup":true,"activationEvent":"*"}
[2017-12-23 01:48:45.961] [exthost1] [info] ExtensionService#loadCommonJSModule /home/chaitu/.vscode/extensions/Zignd.html-css-class-completion-1.14.0/out/src/extension
[2017-12-23 01:48:46.256] [exthost1] [info] ExtensionService#_doActivateExtension dbaeumer.vscode-eslint {"startup":true,"activationEvent":"*"}
[2017-12-23 01:48:46.256] [exthost1] [info] ExtensionService#loadCommonJSModule /home/chaitu/.vscode/extensions/dbaeumer.vscode-eslint-1.4.3/client/out/extension
[2017-12-23 01:48:46.316] [exthost1] [info] ExtensionService#_doActivateExtension eamodio.gitlens {"startup":true,"activationEvent":"*"}
[2017-12-23 01:48:46.316] [exthost1] [info] ExtensionService#loadCommonJSModule /home/chaitu/.vscode/extensions/eamodio.gitlens-6.4.0/out/src/extension
[2017-12-23 01:48:46.788] [exthost1] [info] ExtensionService#_doActivateExtension formulahendry.auto-close-tag {"startup":true,"activationEvent":"*"}
[2017-12-23 01:48:46.788] [exthost1] [info] ExtensionService#loadCommonJSModule /home/chaitu/.vscode/extensions/formulahendry.auto-close-tag-0.5.5/out/src/extension
[2017-12-23 01:48:46.789] [exthost1] [info] ExtensionService#_doActivateExtension robertohuertasm.vscode-icons {"startup":true,"activationEvent":"*"}
[2017-12-23 01:48:46.789] [exthost1] [info] ExtensionService#loadCommonJSModule /home/chaitu/.vscode/extensions/robertohuertasm.vscode-icons-7.19.0/out/src/
[2017-12-23 01:48:46.847] [exthost1] [info] ExtensionService#_doActivateExtension redhat.java {"startup":true,"activationEvent":"workspaceContains:pom.xml"}
[2017-12-23 01:48:46.847] [exthost1] [info] ExtensionService#loadCommonJSModule /home/chaitu/.vscode/extensions/redhat.java-0.16.0/out/src/extension
[2017-12-23 01:48:46.900] [exthost1] [info] eager extensions activated
