VirtualBox XPCOM Server 5.2.4 r119758 linux.amd64 (Dec 19 2017 21:26:13) release log
00:00:00.000230 main     Log opened 2017-12-29T04:20:05.487843000Z
00:00:00.000232 main     Build Type: release
00:00:00.000234 main     OS Product: Linux
00:00:00.000235 main     OS Release: 4.9.71-1-lts
00:00:00.000236 main     OS Version: #1 SMP Wed Dec 20 19:26:23 CET 2017
00:00:00.000254 main     DMI Product Name: Aspire V5-573G
00:00:00.000260 main     DMI Product Version: TBD by OEM
00:00:00.000299 main     Host RAM: 7868MB (7.6GB) total, 7372MB (7.2GB) available
00:00:00.000303 main     Executable: /usr/lib/virtualbox/VBoxSVC
00:00:00.000304 main     Process ID: 26814
00:00:00.000305 main     Package type: LINUX_64BITS_GENERIC (OSE)
00:00:00.002359 main     IPC socket path: /tmp/.vbox-chaitu-ipc/ipcd
00:00:00.108548 nspr-2   VirtualBox: object creation starts
00:00:00.108628 nspr-2   Home directory: '/home/chaitu/.config/VirtualBox'
00:00:00.108761 nspr-2   Loading settings file "/home/chaitu/.config/VirtualBox/VirtualBox.xml" with version "1.12-linux"
00:00:00.131735 nspr-2   NetIfAdpCtlOut: VBoxNetAdpCtl: Error while retrieving link speed for wlp4s0: VBoxNetAdpCtl: ioctl failed: Operation not supported
00:00:00.132369 nspr-2   NAT: resolv.conf: nameserver 192.168.0.1
00:00:00.132384 nspr-2   NAT: resolv.conf: FIXME: ignoring IPv6 zone %wlp4s0
00:00:00.132387 nspr-2   NAT: resolv.conf: nameserver fe80::1
00:00:00.132397 nspr-2   HostDnsMonitor: old information
00:00:00.132401 nspr-2     no server entries
00:00:00.132404 nspr-2     no domain set
00:00:00.132406 nspr-2     no search string entries
00:00:00.132409 nspr-2   HostDnsMonitor: new information
00:00:00.132412 nspr-2     server 1: 192.168.0.1
00:00:00.132415 nspr-2     server 2: fe80::1%wlp4s0
00:00:00.132418 nspr-2     domain: dlink.router
00:00:00.132421 nspr-2     search string 1: dlink.router
00:00:00.132425 nspr-2   HostDnsMonitorProxy::notify
00:00:00.135100 nspr-2   VD: VDInit finished with VINF_SUCCESS
00:00:00.135205 nspr-2   ERROR [COM]: aRC=NS_ERROR_FAILURE (0x80004005) aIID={0eb668d2-495e-5a36-8890-29999b5f030c} aComponent={SystemPropertiesWrap} aText={Cannot determine default Guest Additions ISO location. Most likely they are not available}, preserve=false aResultDetail=0
00:00:00.139063 nspr-2   Loading settings file "/home/chaitu/VirtualBox VMs/ubuntu/ubuntu.vbox" with version "1.16-linux"
00:00:00.139638 nspr-2   VirtualBox: object created
00:00:03.088966 nspr-5   WARNING [COM]: aRC=NS_ERROR_FAILURE (0x80004005) aIID={afca788c-4477-787d-60b2-3fa70e56fbbc} aComponent={HostWrap} aText={VirtualBox is not currently allowed to access USB devices.  You can change this by adding your user to the 'vboxusers' group.  Please see the user manual for a more detailed explanation}, preserve=true  aResultDetail=0
00:00:03.089822 nspr-5   WARNING [COM]: aRC=NS_ERROR_FAILURE (0x80004005) aIID={afca788c-4477-787d-60b2-3fa70e56fbbc} aComponent={HostWrap} aText={VirtualBox is not currently allowed to access USB devices.  You can change this by adding your user to the 'vboxusers' group.  Please see the user manual for a more detailed explanation}, preserve=true  aResultDetail=0
00:00:03.090177 nspr-7   ERROR [COM]: aRC=VBOX_E_OBJECT_NOT_FOUND (0x80bb0001) aIID={edba9d10-45d8-b440-1712-46ac0c9bc4c5} aComponent={ExtPackManagerWrap} aText={No extension pack by the name 'Oracle VM VirtualBox Extension Pack' was found}, preserve=false aResultDetail=0
00:00:03.124818 nspr-5   WARNING [COM]: aRC=NS_ERROR_FAILURE (0x80004005) aIID={afca788c-4477-787d-60b2-3fa70e56fbbc} aComponent={HostWrap} aText={VirtualBox is not currently allowed to access USB devices.  You can change this by adding your user to the 'vboxusers' group.  Please see the user manual for a more detailed explanation}, preserve=true  aResultDetail=0
00:00:03.125708 nspr-5   WARNING [COM]: aRC=NS_ERROR_FAILURE (0x80004005) aIID={afca788c-4477-787d-60b2-3fa70e56fbbc} aComponent={HostWrap} aText={VirtualBox is not currently allowed to access USB devices.  You can change this by adding your user to the 'vboxusers' group.  Please see the user manual for a more detailed explanation}, preserve=true  aResultDetail=0
00:00:03.150293 nspr-7   ERROR [COM]: aRC=VBOX_E_IPRT_ERROR (0x80bb0005) aIID={85cd948e-a71f-4289-281e-0ca7ad48cd89} aComponent={SessionMachine} aText={Saved screenshot data is not available (VERR_NOT_SUPPORTED)}, preserve=false aResultDetail=0
00:00:03.192500 nspr-3   NetIfAdpCtlOut: VBoxNetAdpCtl: Error while retrieving link speed for wlp4s0: VBoxNetAdpCtl: ioctl failed: Operation not supported
00:00:03.488690 nspr-6   WARNING [COM]: aRC=NS_ERROR_FAILURE (0x80004005) aIID={afca788c-4477-787d-60b2-3fa70e56fbbc} aComponent={HostWrap} aText={VirtualBox is not currently allowed to access USB devices.  You can change this by adding your user to the 'vboxusers' group.  Please see the user manual for a more detailed explanation}, preserve=true  aResultDetail=0
00:00:08.563265 nspr-6   ERROR [COM]: aRC=VBOX_E_IPRT_ERROR (0x80bb0005) aIID={85cd948e-a71f-4289-281e-0ca7ad48cd89} aComponent={SessionMachine} aText={Saved screenshot data is not available (VERR_NOT_SUPPORTED)}, preserve=false aResultDetail=0
00:01:34.855847 nspr-5   WARNING [COM]: aRC=NS_ERROR_FAILURE (0x80004005) aIID={afca788c-4477-787d-60b2-3fa70e56fbbc} aComponent={HostWrap} aText={VirtualBox is not currently allowed to access USB devices.  You can change this by adding your user to the 'vboxusers' group.  Please see the user manual for a more detailed explanation}, preserve=true  aResultDetail=0
00:01:34.856703 nspr-3   WARNING [COM]: aRC=NS_ERROR_FAILURE (0x80004005) aIID={afca788c-4477-787d-60b2-3fa70e56fbbc} aComponent={HostWrap} aText={VirtualBox is not currently allowed to access USB devices.  You can change this by adding your user to the 'vboxusers' group.  Please see the user manual for a more detailed explanation}, preserve=true  aResultDetail=0
00:01:34.875643 nspr-6   ERROR [COM]: aRC=VBOX_E_IPRT_ERROR (0x80bb0005) aIID={85cd948e-a71f-4289-281e-0ca7ad48cd89} aComponent={SessionMachine} aText={Saved screenshot data is not available (VERR_NOT_SUPPORTED)}, preserve=false aResultDetail=0
00:01:34.919898 nspr-6   WARNING [COM]: aRC=NS_ERROR_FAILURE (0x80004005) aIID={afca788c-4477-787d-60b2-3fa70e56fbbc} aComponent={HostWrap} aText={VirtualBox is not currently allowed to access USB devices.  You can change this by adding your user to the 'vboxusers' group.  Please see the user manual for a more detailed explanation}, preserve=true  aResultDetail=0
00:01:34.920722 nspr-5   WARNING [COM]: aRC=NS_ERROR_FAILURE (0x80004005) aIID={afca788c-4477-787d-60b2-3fa70e56fbbc} aComponent={HostWrap} aText={VirtualBox is not currently allowed to access USB devices.  You can change this by adding your user to the 'vboxusers' group.  Please see the user manual for a more detailed explanation}, preserve=true  aResultDetail=0
00:01:34.947596 nspr-6   Saving settings file "/home/chaitu/VirtualBox VMs/ubuntu/ubuntu.vbox" with version "1.16-linux"
00:01:36.902783 nspr-7   Saving settings file "/home/chaitu/VirtualBox VMs/ubuntu/ubuntu.vbox" with version "1.16-linux"
00:06:46.819515 nspr-4   Saving settings file "/home/chaitu/VirtualBox VMs/ubuntu/ubuntu.vbox" with version "1.16-linux"
00:06:55.764536 nspr-7   Saving settings file "/home/chaitu/VirtualBox VMs/ubuntu/ubuntu.vbox" with version "1.16-linux"
00:06:55.948439 SaveState Saving settings file "/home/chaitu/VirtualBox VMs/ubuntu/ubuntu.vbox" with version "1.16-linux"
00:06:58.047312 nspr-2   Saving settings file "/home/chaitu/.config/VirtualBox/VirtualBox.xml" with version "1.12-linux"
00:06:58.173884 nspr-8   Saving settings file "/home/chaitu/.config/VirtualBox/VirtualBox.xml" with version "1.12-linux"
00:07:03.739467 main     VirtualBox: object deletion starts
00:07:03.739527 main     ERROR [COM]: aRC=VBOX_E_OBJECT_IN_USE (0x80bb000c) aIID={4afe423b-43e0-e9d0-82e8-ceb307940dda} aComponent={MediumWrap} aText={Medium '/home/chaitu/VirtualBox VMs/ubuntu/NewVirtualDisk1.vdi' cannot be closed because it is still attached to 1 virtual machines}, preserve=false aResultDetail=0
00:07:03.768366 Watcher  ERROR [COM]: aRC=E_ACCESSDENIED (0x80070005) aIID={9570b9d5-f1a1-448a-10c5-e12f5285adad} aComponent={VirtualBoxWrap} aText={The object is not ready}, preserve=false aResultDetail=0
00:07:08.740449 main     {00007f96a40202f0} HostPowerServiceLinux::~HostPowerServiceLinux: RTThreadWait() for 5000 ms failed with VERR_TIMEOUT
00:07:08.740817 main     VirtualBox: object deleted
